<?xml version="1.0" encoding="UTF-8"?>
<!-- Generated by org.testng.reporters.JUnitReportReporter -->
<testsuite hostname="DESKTOP-0JJPGRV" failures="0" tests="1" name="MyTest" time="3.633" errors="0" timestamp="24 Feb 2019 14:36:52 GMT" skipped="0">
  <testcase classname="MyTest" name="FirstTest" time="3.633"/>
</testsuite> <!-- MyTest -->
